<?xml version="1.0" encoding="UTF-8"?>
<!-- Generated by org.testng.reporters.JUnitXMLReporter -->
<testsuite hostname="nb-dmitriyy-10" tests="1" failures="0" timestamp="15 Apr 2017 21:54:12 GMT" time="0.055" errors="0">
  <testcase name="@BeforeTest setup" time="0.0" classname="RemoteWebDriverTest">
    <failure type="org.testng.TestNGException" message="
Parameter &amp;apos;targetEnvironment&amp;apos; is required by @Configuration on method setup but has not been marked @Optional or defined
in C:\Users\dmitriyy\AppData\Local\Temp\testng-eclipse-1009136785\testng-customsuite.xml">
      <![CDATA[org.testng.TestNGException: 
Parameter 'targetEnvironment' is required by @Configuration on method setup but has not been marked @Optional or defined
in C:\Users\dmitriyy\AppData\Local\Temp\testng-eclipse-1009136785\testng-customsuite.xml
	at org.testng.internal.Parameters.createParameters(Parameters.java:156)
	at org.testng.internal.Parameters.createParameters(Parameters.java:363)
	at org.testng.internal.Parameters.createConfigurationParameters(Parameters.java:86)
	at org.testng.internal.Invoker.invokeConfigurations(Invoker.java:202)
	at org.testng.internal.Invoker.invokeConfigurations(Invoker.java:143)
	at org.testng.TestRunner.beforeRun(TestRunner.java:624)
	at org.testng.TestRunner.run(TestRunner.java:592)
	at org.testng.SuiteRunner.runTest(SuiteRunner.java:366)
	at org.testng.SuiteRunner.runSequentially(SuiteRunner.java:361)
	at org.testng.SuiteRunner.privateRun(SuiteRunner.java:319)
	at org.testng.SuiteRunner.run(SuiteRunner.java:268)
	at org.testng.SuiteRunnerWorker.runSuite(SuiteRunnerWorker.java:52)
	at org.testng.SuiteRunnerWorker.run(SuiteRunnerWorker.java:86)
	at org.testng.TestNG.runSuitesSequentially(TestNG.java:1264)
	at org.testng.TestNG.runSuitesLocally(TestNG.java:1189)
	at org.testng.TestNG.runSuites(TestNG.java:1104)
	at org.testng.TestNG.run(TestNG.java:1076)
	at org.testng.remote.AbstractRemoteTestNG.run(AbstractRemoteTestNG.java:126)
	at org.testng.remote.RemoteTestNG.initAndRun(RemoteTestNG.java:152)
	at org.testng.remote.RemoteTestNG.main(RemoteTestNG.java:57)
]]>
    </failure>
  </testcase> <!-- @BeforeTest setup -->
  <testcase name="@AfterTest end" time="0.0" classname="RemoteWebDriverTest">
    <skipped/>
  </testcase> <!-- @AfterTest end -->
  <testcase name="DBWebApp" time="0.008" classname="RemoteWebDriverTest">
    <skipped/>
  </testcase> <!-- DBWebApp -->
</testsuite>
